{
  "0 debug pnpm:scope": {
    "selected": 1
  },
  "1 info pnpm": {
    "err": {
      "name": "Error",
      "message": "not found: insall",
      "code": "ENOENT",
      "stack": "Error: not found: insall\n    at getNotFoundError (C:\\Users\\peter\\AppData\\Roaming\\nvm\\v14.19.0\\node_modules\\pnpm\\dist\\pnpm.cjs:41585:51)\n    at Function.whichSync [as sync] (C:\\Users\\peter\\AppData\\Roaming\\nvm\\v14.19.0\\node_modules\\pnpm\\dist\\pnpm.cjs:41662:13)\n    at getCommandAbsolutePathSync (C:\\Users\\peter\\AppData\\Roaming\\nvm\\v14.19.0\\node_modules\\pnpm\\dist\\pnpm.cjs:43227:44)\n    at default_1 (C:\\Users\\peter\\AppData\\Roaming\\nvm\\v14.19.0\\node_modules\\pnpm\\dist\\pnpm.cjs:43236:32)\n    at C:\\Users\\peter\\AppData\\Roaming\\nvm\\v14.19.0\\node_modules\\pnpm\\dist\\pnpm.cjs:178180:39"
    }
  },
  "2 error pnpm": {
    "code": "ERR_PNPM_RECURSIVE_EXEC_FIRST_FAIL",
    "prefix": "D:\\马上删\\vBenInitPzt",
    "err": {
      "name": "pnpm",
      "message": "not found: insall",
      "code": "ERR_PNPM_RECURSIVE_EXEC_FIRST_FAIL",
      "stack": "Error: not found: insall\n    at getNotFoundError (C:\\Users\\peter\\AppData\\Roaming\\nvm\\v14.19.0\\node_modules\\pnpm\\dist\\pnpm.cjs:41585:51)\n    at Function.whichSync [as sync] (C:\\Users\\peter\\AppData\\Roaming\\nvm\\v14.19.0\\node_modules\\pnpm\\dist\\pnpm.cjs:41662:13)\n    at getCommandAbsolutePathSync (C:\\Users\\peter\\AppData\\Roaming\\nvm\\v14.19.0\\node_modules\\pnpm\\dist\\pnpm.cjs:43227:44)\n    at default_1 (C:\\Users\\peter\\AppData\\Roaming\\nvm\\v14.19.0\\node_modules\\pnpm\\dist\\pnpm.cjs:43236:32)\n    at C:\\Users\\peter\\AppData\\Roaming\\nvm\\v14.19.0\\node_modules\\pnpm\\dist\\pnpm.cjs:178180:39"
    }
  }
}